2025-03-29 10:44:58,088 - INFO - Process ['python3', 'proxy.py', '-type', 'http', '-db', '-api', '-w', '20', '-t', '3'] started...
2025-03-29 10:44:59,088 - INFO - Process ['python3', 'proxy.py', '-type', 'https', '-db', '-api', '-w', '20', '-t', '3'] started...
2025-03-29 10:45:00,089 - INFO - Process ['python3', 'proxy.py', '-type', 'socks4', '-db', '-api', '-w', '20', '-t', '3'] started...
2025-03-29 10:45:01,090 - INFO - Process ['python3', 'proxy.py', '-type', 'socks5', '-db', '-api', '-w', '20', '-t', '3'] started...
2025-03-29 10:45:02,091 - INFO - Process ['python3', 'checker.py', '-list', '-w', '20', '-t', '3'] started...
2025-03-29 10:45:03,091 - INFO - Process ['uvicorn', 'api:app', '--host', '0.0.0.0', '--port', '8000', '--reload'] started...
2025-03-29 10:45:04,092 - INFO - Process ['python3', 'http-proxy-relay.py'] started...
2025-03-29 10:45:05,093 - DEBUG - Starting new HTTP connection (1): 0.0.0.0:8000
2025-03-29 10:45:05,096 - DEBUG - http://0.0.0.0:8000 "GET / HTTP/1.1" 200 2229
2025-03-29 10:45:05,096 - INFO - API is running successfully.
2025-03-29 10:45:05,096 - DEBUG - Starting new HTTP connection (1): 127.0.0.1:3333
2025-03-29 10:45:05,113 - DEBUG - http://127.0.0.1:3333 "GET http://httpbin.org/ip HTTP/1.1" 200 32
2025-03-29 10:45:05,113 - INFO - Proxy relay is running successfully.
2025-03-29 10:45:05,113 - INFO - PROXY MACHINE READY! 
API: http://0.0.0.0:8000 
http-proxy: http://0.0.0.0:3333 
2025-03-29 10:52:15,137 - WARNING - Process ['python3', 'checker.py', '-list', '-w', '20', '-t', '3'] terminated. Restarting...
2025-03-29 10:59:30,153 - WARNING - Process ['python3', 'checker.py', '-list', '-w', '20', '-t', '3'] terminated. Restarting...
2025-03-29 11:07:10,168 - WARNING - Process ['python3', 'checker.py', '-list', '-w', '20', '-t', '3'] terminated. Restarting...
2025-03-29 11:13:10,192 - WARNING - Process ['python3', 'checker.py', '-list', '-w', '20', '-t', '3'] terminated. Restarting...
2025-03-29 11:19:25,211 - WARNING - Process ['python3', 'checker.py', '-list', '-w', '20', '-t', '3'] terminated. Restarting...
2025-03-29 11:26:50,231 - WARNING - Process ['python3', 'checker.py', '-list', '-w', '20', '-t', '3'] terminated. Restarting...
2025-03-29 11:35:00,264 - WARNING - Process ['python3', 'checker.py', '-list', '-w', '20', '-t', '3'] terminated. Restarting...
2025-03-29 11:42:40,291 - WARNING - Process ['python3', 'checker.py', '-list', '-w', '20', '-t', '3'] terminated. Restarting...
2025-03-29 11:50:10,310 - WARNING - Process ['python3', 'checker.py', '-list', '-w', '20', '-t', '3'] terminated. Restarting...
2025-03-29 11:57:30,328 - WARNING - Process ['python3', 'checker.py', '-list', '-w', '20', '-t', '3'] terminated. Restarting...
2025-03-29 12:04:30,366 - WARNING - Process ['python3', 'checker.py', '-list', '-w', '20', '-t', '3'] terminated. Restarting...
2025-03-29 12:11:40,395 - WARNING - Process ['python3', 'checker.py', '-list', '-w', '20', '-t', '3'] terminated. Restarting...
2025-03-29 12:21:10,421 - WARNING - Process ['python3', 'checker.py', '-list', '-w', '20', '-t', '3'] terminated. Restarting...
2025-03-29 12:28:45,441 - WARNING - Process ['python3', 'checker.py', '-list', '-w', '20', '-t', '3'] terminated. Restarting...
2025-03-29 12:36:55,455 - WARNING - Process ['python3', 'checker.py', '-list', '-w', '20', '-t', '3'] terminated. Restarting...
2025-03-29 12:45:10,480 - WARNING - Process ['python3', 'checker.py', '-list', '-w', '20', '-t', '3'] terminated. Restarting...
2025-03-29 12:51:55,496 - WARNING - Process ['python3', 'checker.py', '-list', '-w', '20', '-t', '3'] terminated. Restarting...
2025-03-29 12:59:40,534 - WARNING - Process ['python3', 'checker.py', '-list', '-w', '20', '-t', '3'] terminated. Restarting...
2025-03-29 13:08:00,558 - WARNING - Process ['python3', 'checker.py', '-list', '-w', '20', '-t', '3'] terminated. Restarting...
2025-03-29 13:16:35,577 - WARNING - Process ['python3', 'checker.py', '-list', '-w', '20', '-t', '3'] terminated. Restarting...
